<?xml version="1.0" encoding="UTF-8"?>
<testsuite name="HelloMEITREXTest" tests="1" skipped="0" failures="0" errors="0" timestamp="2025-10-20T11:54:59" hostname="MacBook-Pro-von-Jan-3.local" time="0.011">
  <properties/>
  <testcase name="testPrintsHelloMEITREX()" classname="HelloMEITREXTest" time="0.011"/>
  <system-out><![CDATA[]]></system-out>
  <system-err><![CDATA[]]></system-err>
</testsuite>
